<?xml version="1.0" encoding="UTF-8" ?>
<testsuite errors="0" failures="0" hostname="STEPHEN-PC" name="BillDAOTest" skipped="0" tests="5" time="0.21" timestamp="2021-05-27T00:24:37">
  <properties>
[...]
</properties>
  <testcase classname="BillDAOTest" name="testSearchBillStandard1" time="0.144" />
  <testcase classname="BillDAOTest" name="testSearchBillStandard2" time="0.003" />
  <testcase classname="BillDAOTest" name="testPayBill" time="0.002" />
  <testcase classname="BillDAOTest" name="testSearchBillException1" time="0.0" />
  <testcase classname="BillDAOTest" name="testSearchBillException2" time="0.001" />
  <system-out><![CDATA[]]></system-out>
  <system-err><![CDATA[]]></system-err>
</testsuite>
